[1] "check dir & files..."
[1] "add path..."
library paths:
... C:/Users/DRA/Desktop/CP-Seeker/R-Portable/library
working path:
... C:/Users/DRA/Desktop/CP-Seeker
[1] "ensuring packages dependencies ..."
[1] "jsonlite loaded"
[1] "RSQLite loaded"

Attaching package: 'shiny'

The following object is masked from 'package:jsonlite':

    validate

[1] "shiny loaded"

Attaching package: 'shinyjs'

The following object is masked from 'package:shiny':

    runExample

The following object is masked from 'package:RSQLite':

    show

The following objects are masked from 'package:methods':

    removeClass, show

[1] "shinyjs loaded"
[1] "shinyFeedback loaded"

Attaching package: 'shinyWidgets'

The following object is masked from 'package:shinyjs':

    alert

[1] "shinyWidgets loaded"

Attaching package: 'shinydashboard'

The following object is masked from 'package:graphics':

    box

[1] "shinydashboard loaded"
[1] "shinycssloaders loaded"
[1] "shinyFiles loaded"
[1] "bsplus loaded"

Attaching package: 'DT'

The following objects are masked from 'package:shiny':

    dataTableOutput, renderDataTable

[1] "DT loaded"
Loading required package: ggplot2

Attaching package: 'plotly'

The following object is masked from 'package:ggplot2':

    last_plot

The following object is masked from 'package:stats':

    filter

The following object is masked from 'package:graphics':

    layout

[1] "plotly loaded"
[1] "stringr loaded"
[1] "fst loaded"
[1] "blob loaded"
[1] "openxlsx loaded"
Loading required package: BiocGenerics
Loading required package: parallel

Attaching package: 'BiocGenerics'

The following objects are masked from 'package:parallel':

    clusterApply, clusterApplyLB, clusterCall, clusterEvalQ,
    clusterExport, clusterMap, parApply, parCapply, parLapply,
    parLapplyLB, parRapply, parSapply, parSapplyLB

The following objects are masked from 'package:stats':

    IQR, mad, sd, var, xtabs

The following objects are masked from 'package:base':

    anyDuplicated, append, as.data.frame, basename, cbind, colnames,
    dirname, do.call, duplicated, eval, evalq, Filter, Find, get, grep,
    grepl, intersect, is.unsorted, lapply, Map, mapply, match, mget,
    order, paste, pmax, pmax.int, pmin, pmin.int, Position, rank,
    rbind, Reduce, rownames, sapply, setdiff, sort, table, tapply,
    union, unique, unsplit, which, which.max, which.min

Loading required package: Biobase
Welcome to Bioconductor

    Vignettes contain introductory material; view with
    'browseVignettes()'. To cite Bioconductor, see
    'citation("Biobase")', and for packages 'citation("pkgname")'.

Loading required package: mzR
Loading required package: Rcpp
Loading required package: S4Vectors
Loading required package: stats4

Attaching package: 'S4Vectors'

The following object is masked from 'package:plotly':

    rename

The following object is masked from 'package:base':

    expand.grid

Loading required package: ProtGenerics

Attaching package: 'ProtGenerics'

The following object is masked from 'package:stats':

    smooth

Bioconductor version '3.10' is out-of-date; the current release version '3.18'
  is available with R version '4.3'; see https://bioconductor.org/install

This is MSnbase version 2.12.0 
  Visit https://lgatto.github.io/MSnbase/ to get started.


Attaching package: 'MSnbase'

The following object is masked from 'package:base':

    trimws

[1] "MSnbase loaded"
Loading required package: BiocParallel

This is xcms version 3.8.2 


Attaching package: 'xcms'

The following object is masked from 'package:plotly':

    groups

The following object is masked from 'package:shiny':

    span

The following object is masked from 'package:stats':

    sigma

[1] "xcms loaded"

 
 Welcome to enviPat version 2.4 
 Check www.envipat.eawag.ch for an interactive online version

[1] "enviPat loaded"

Attaching package: 'pracma'

The following object is masked from 'package:xcms':

    peaks

The following object is masked from 'package:MSnbase':

    tic

The following objects are masked from 'package:ProtGenerics':

    peaks, tic

The following objects are masked from 'package:mzR':

    peaks, tic

[1] "pracma loaded"

Attaching package: 'dbscan'

The following object is masked from 'package:xcms':

    kNN

[1] "dbscan loaded"

Listening on http://127.0.0.1:5270
[1] "                                                            "
[1] "############################################################"
[1] "TAB ######################### project_files #############..."
[1] "############################################################"
